<?xml version="1.0" encoding="UTF-8"?>
<!-- Generated by org.testng.reporters.JUnitReportReporter -->
<testsuite skipped="0" hostname="LAPTOP-NJFUNEJK" name="com.testcases.LoginPageTest" tests="1" failures="0" timestamp="2021-12-07T09:04:27 IST" time="35.745" errors="0">
  <testcase name="ValidMobileNoTest" time="35.745" classname="com.testcases.LoginPageTest"/>
  <system-out/>
</testsuite> <!-- com.testcases.LoginPageTest -->
