<?xml version="1.0" encoding="UTF-8"?>
<!-- Generated by org.testng.reporters.JUnitReportReporter -->
<testsuite skipped="1" hostname="LAPTOP-NJFUNEJK" name="com.testcases.FlightPageTest" tests="1" failures="0" timestamp="2021-12-07T00:18:55 IST" time="0.000" errors="0">
  <testcase name="BookFlightTest" time="0.000" classname="com.testcases.FlightPageTest">
    <skipped/>
  </testcase> <!-- BookFlightTest -->
  <system-out/>
</testsuite> <!-- com.testcases.FlightPageTest -->
