<?xml version="1.0" encoding="UTF-8"?>
<!-- Generated by org.testng.reporters.JUnitReportReporter -->
<testsuite skipped="0" hostname="LAPTOP-NJFUNEJK" name="com.testcases.HotelPageTest" tests="1" failures="0" timestamp="2021-12-07T00:14:13 IST" time="45.917" errors="0">
  <testcase name="BookHotelTest" time="45.917" classname="com.testcases.HotelPageTest"/>
  <system-out/>
</testsuite> <!-- com.testcases.HotelPageTest -->
